{"/home/huyhieu/blogr-nextjs-prisma/pages/api/auth/[...nextauth].ts": {"path":"/home/huyhieu/blogr-nextjs-prisma/pages/api/auth/[...nextauth].ts","statementMap":{"0":{"start":{"line":2,"column":0},"end":{"line":2,"column":33}},"1":{"start":{"line":3,"column":0},"end":{"line":3,"column":58}},"2":{"start":{"line":4,"column":0},"end":{"line":4,"column":56}},"3":{"start":{"line":5,"column":0},"end":{"line":5,"column":41}},"4":{"start":{"line":7,"column":36},"end":{"line":7,"column":58}},"5":{"start":{"line":7,"column":50},"end":{"line":7,"column":78}},"6":{"start":{"line":8,"column":0},"end":{"line":8,"column":27}},"7":{"start":{"line":10,"column":13},"end":{"line":19,"column":2}}},"fnMap":{"0":{"name":"(anonymous_1)","decl":{"start":{"line":7,"column":36},"end":{"line":7,"column":37}},"loc":{"start":{"line":7,"column":45},"end":{"line":7,"column":58}}}},"branchMap":{},"s":{"0":1,"1":1,"2":1,"3":1,"4":1,"5":0,"6":1,"7":1},"f":{"0":0},"b":{}}
,"/home/huyhieu/blogr-nextjs-prisma/pages/api/post/index.ts": {"path":"/home/huyhieu/blogr-nextjs-prisma/pages/api/post/index.ts","statementMap":{"0":{"start":{"line":8,"column":0},"end":{"line":8,"column":22}},"1":{"start":{"line":30,"column":0},"end":{"line":30,"column":16}},"2":{"start":{"line":37,"column":0},"end":{"line":37,"column":30}},"3":{"start":{"line":1,"column":0},"end":{"line":1,"column":41}},"4":{"start":{"line":2,"column":0},"end":{"line":2,"column":45}},"5":{"start":{"line":3,"column":0},"end":{"line":3,"column":48}},"6":{"start":{"line":6,"column":24},"end":{"line":6,"column":51}},"7":{"start":{"line":9,"column":8},"end":{"line":9,"column":45}},"8":{"start":{"line":10,"column":2},"end":{"line":12,"column":3}},"9":{"start":{"line":11,"column":4},"end":{"line":11,"column":43}},"10":{"start":{"line":13,"column":19},"end":{"line":20,"column":null}},"11":{"start":{"line":13,"column":8},"end":{"line":20,"column":null}},"12":{"start":{"line":21,"column":2},"end":{"line":21,"column":null}},"13":{"start":{"line":22,"column":15},"end":{"line":22,"column":null}},"14":{"start":{"line":22,"column":8},"end":{"line":22,"column":null}},"15":{"start":{"line":23,"column":2},"end":{"line":23,"column":null}},"16":{"start":{"line":24,"column":2},"end":{"line":26,"column":3}},"17":{"start":{"line":25,"column":4},"end":{"line":25,"column":39}},"18":{"start":{"line":27,"column":2},"end":{"line":27,"column":23}},"19":{"start":{"line":31,"column":17},"end":{"line":31,"column":82}},"20":{"start":{"line":32,"column":16},"end":{"line":32,"column":33}},"21":{"start":{"line":33,"column":2},"end":{"line":33,"column":61}},"22":{"start":{"line":39,"column":12},"end":{"line":39,"column":20}},"23":{"start":{"line":40,"column":22},"end":{"line":40,"column":null}},"24":{"start":{"line":40,"column":10},"end":{"line":40,"column":null}},"25":{"start":{"line":41,"column":20},"end":{"line":41,"column":null}},"26":{"start":{"line":41,"column":10},"end":{"line":41,"column":null}},"27":{"start":{"line":42,"column":19},"end":{"line":49,"column":null}},"28":{"start":{"line":42,"column":10},"end":{"line":49,"column":null}},"29":{"start":{"line":50,"column":4},"end":{"line":50,"column":21}},"30":{"start":{"line":52,"column":4},"end":{"line":52,"column":83}}},"fnMap":{"0":{"name":"fetchYoutubeVideoData","decl":{"start":{"line":8,"column":22},"end":{"line":8,"column":43}},"loc":{"start":{"line":8,"column":55},"end":{"line":28,"column":null}}},"1":{"name":"extractVideoIdFromUrl","decl":{"start":{"line":30,"column":16},"end":{"line":30,"column":37}},"loc":{"start":{"line":30,"column":49},"end":{"line":34,"column":1}}},"2":{"name":"handle","decl":{"start":{"line":37,"column":30},"end":{"line":37,"column":36}},"loc":{"start":{"line":37,"column":45},"end":{"line":54,"column":null}}}},"branchMap":{"0":{"loc":{"start":{"line":10,"column":2},"end":{"line":12,"column":3}},"type":"if","locations":[{"start":{"line":10,"column":2},"end":{"line":12,"column":3}}]},"1":{"loc":{"start":{"line":24,"column":2},"end":{"line":26,"column":3}},"type":"if","locations":[{"start":{"line":24,"column":2},"end":{"line":26,"column":3}}]},"2":{"loc":{"start":{"line":33,"column":9},"end":{"line":33,"column":60}},"type":"cond-expr","locations":[{"start":{"line":33,"column":45},"end":{"line":33,"column":53}},{"start":{"line":33,"column":56},"end":{"line":33,"column":60}}]},"3":{"loc":{"start":{"line":33,"column":10},"end":{"line":33,"column":41}},"type":"binary-expr","locations":[{"start":{"line":33,"column":10},"end":{"line":33,"column":15}},{"start":{"line":33,"column":19},"end":{"line":33,"column":41}}]},"4":{"loc":{"start":{"line":52,"column":34},"end":{"line":52,"column":79}},"type":"binary-expr","locations":[{"start":{"line":52,"column":34},"end":{"line":52,"column":47}},{"start":{"line":52,"column":51},"end":{"line":52,"column":79}}]}},"s":{"0":1,"1":1,"2":1,"3":1,"4":1,"5":1,"6":1,"7":3,"8":3,"9":2,"10":1,"11":1,"12":1,"13":1,"14":1,"15":1,"16":1,"17":0,"18":1,"19":5,"20":5,"21":5,"22":1,"23":1,"24":1,"25":0,"26":0,"27":0,"28":0,"29":0,"30":1},"f":{"0":3,"1":5,"2":1},"b":{"0":[2],"1":[0],"2":[2,3],"3":[5,3],"4":[1,0]}}
}
