TN:
SF:pages/api/auth/[...nextauth].ts
FN:7,(anonymous_1)
FNF:1
FNH:0
FNDA:0,(anonymous_1)
DA:2,1
DA:3,1
DA:4,1
DA:5,1
DA:7,1
DA:8,1
DA:10,1
LF:7
LH:7
BRF:0
BRH:0
end_of_record
TN:
SF:pages/api/post/index.ts
FN:8,fetchYoutubeVideoData
FN:30,extractVideoIdFromUrl
FN:37,handle
FNF:3
FNH:3
FNDA:3,fetchYoutubeVideoData
FNDA:5,extractVideoIdFromUrl
FNDA:1,handle
DA:1,1
DA:2,1
DA:3,1
DA:6,1
DA:8,1
DA:9,3
DA:10,3
DA:11,2
DA:13,1
DA:21,1
DA:22,1
DA:23,1
DA:24,1
DA:25,0
DA:27,1
DA:30,1
DA:31,5
DA:32,5
DA:33,5
DA:37,1
DA:39,1
DA:40,1
DA:41,0
DA:42,0
DA:50,0
DA:52,1
LF:26
LH:22
BRDA:10,0,0,2
BRDA:24,1,0,0
BRDA:33,2,0,2
BRDA:33,2,1,3
BRDA:33,3,0,5
BRDA:33,3,1,3
BRDA:52,4,0,1
BRDA:52,4,1,0
BRF:8
BRH:6
end_of_record
